#
# There is insufficient memory for the Java Runtime Environment to continue.
# Native memory allocation (mmap) failed to map 132120576 bytes for G1 virtual space
# Possible reasons:
#   The system is out of physical RAM or swap space
#   The process is running with CompressedOops enabled, and the Java Heap may be blocking the growth of the native heap
# Possible solutions:
#   Reduce memory load on the system
#   Increase physical memory or swap space
#   Check if swap backing store is full
#   Decrease Java heap size (-Xmx/-Xms)
#   Decrease number of Java threads
#   Decrease Java thread stack sizes (-Xss)
#   Set larger code cache with -XX:ReservedCodeCacheSize=
#   JVM is running with Unscaled Compressed Oops mode in which the Java heap is
#     placed in the first 4GB address space. The Java Heap base address is the
#     maximum limit for the native heap growth. Please use -XX:HeapBaseMinAddress
#     to set the Java Heap base and to place the Java Heap above 4GB virtual address.
# This output file may be truncated or incomplete.
#
#  Out of Memory Error (os_windows.cpp:3600), pid=19496, tid=12492
#
# JRE version:  (21.0.1+12) (build )
# Java VM: OpenJDK 64-Bit Server VM (21.0.1+12-29, mixed mode, sharing, tiered, compressed oops, compressed class ptrs, g1 gc, windows-amd64)
# No core dump will be written. Minidumps are not enabled by default on client versions of Windows
#

---------------  S U M M A R Y ------------

Command Line: -javaagent:C:\Program Files\JetBrains\IntelliJ IDEA Community Edition 2023.2.3\lib\idea_rt.jar=55829:C:\Program Files\JetBrains\IntelliJ IDEA Community Edition 2023.2.3\bin -Dfile.encoding=UTF-8 -Dsun.stdout.encoding=UTF-8 -Dsun.stderr.encoding=UTF-8 seminar.five.stepik.Main

Host: Intel(R) Core(TM) i5-8250U CPU @ 1.60GHz, 8 cores, 7G,  Windows 10 , 64 bit Build 19041 (10.0.19041.3636)
Time: Sat Jan  6 17:01:48 2024 RTZ 4 (s 10 , 64 bit Build 19041 (10.0.19041.3636) elapsed time: 0.024184 seconds (0d 0h 0m 0s)

---------------  T H R E A D  ---------------

Current thread (0x000002962fd208e0):  JavaThread "Unknown thread" [_thread_in_vm, id=12492, stack(0x000000caa1800000,0x000000caa1900000) (1024K)]

Stack: [0x000000caa1800000,0x000000caa1900000]
Native frames: (J=compiled Java code, j=interpreted, Vv=VM code, C=native code)
V  [jvm.dll+0x6c9029]
V  [jvm.dll+0x854b81]
V  [jvm.dll+0x856e5e]
V  [jvm.dll+0x857543]
V  [jvm.dll+0x280c06]
V  [jvm.dll+0x6c5715]
V  [jvm.dll+0x6ba10a]
V  [jvm.dll+0x3557ea]
V  [jvm.dll+0x35d436]
V  [jvm.dll+0x3ae1be]
V  [jvm.dll+0x3ae468]
V  [jvm.dll+0x3291fc]
V  [jvm.dll+0x329d8b]
V  [jvm.dll+0x81d179]
V  [jvm.dll+0x3bb4f1]
V  [jvm.dll+0x805ae8]
V  [jvm.dll+0x44effe]
V  [jvm.dll+0x450901]
C  [jli.dll+0x52a3]
C  [ucrtbase.dll+0x21bb2]
C  [KERNEL32.DLL+0x17344]
C  [ntdll.dll+0x526b1]


---------------  P R O C E S S  ---------------

Threads class SMR info:
_java_thread_list=0x00007fff72f59b88, length=0, elements={
}

Java Threads: ( => current thread )
Total: 0

Other Threads:
  0x000002962fd78590 WorkerThread "GC Thread#0"                     [id=17360, stack(0x000000caa1900000,0x000000caa1a00000) (1024K)]
  0x000002962fd892a0 ConcurrentGCThread "G1 Main Marker"            [id=19080, stack(0x000000caa1a00000,0x000000caa1b00000) (1024K)]
  0x000002962fd8b550 WorkerThread "G1 Conc#0"                       [id=11856, stack(0x000000caa1b00000,0x000000caa1c00000) (1024K)]

[error occurred during error reporting (printing all threads), id 0xc0000005, EXCEPTION_ACCESS_VIOLATION (0xc0000005) at pc=0x00007fff726cc2c7]
VM state: not at safepoint (not fully initialized)

VM Mutex/Monitor currently owned by a thread:  ([mutex/lock_event])
[0x00007fff72fca6f8] Heap_lock - owner thread: 0x000002962fd208e0

Heap address: 0x0000000082400000, size: 2012 MB, Compressed Oops mode: 32-bit

CDS archive(s) mapped at: [0x0000000000000000-0x0000000000000000-0x0000000000000000), size 0, SharedBaseAddress: 0x0000000800000000, ArchiveRelocationMode: 1.
Narrow klass base: 0x0000000000000000, Narrow klass shift: 0, Narrow klass range: 0x0

GC Precious Log:
 CardTable entry size: 512
 Card Set container configuration: InlinePtr #cards 5 size 8 Array Of Cards #cards 12 size 40 Howl #buckets 4 coarsen threshold 1843 Howl Bitmap #cards 512 size 80 coarsen threshold 460 Card regions per heap region 1 cards per card region 2048

Heap:
 garbage-first heap   total 0K, used 0K [0x0000000082400000, 0x0000000100000000)
  region size 1024K, 0 young (0K), 0 survivors (0K)

[error occurred during error reporting (printing heap information), id 0xc0000005, EXCEPTION_ACCESS_VIOLATION (0xc0000005) at pc=0x00007fff72ab1be9]
GC Heap History (0 events):
No events

Dll operation events (1 events):
Event: 0.013 Loaded shared library C:\Users\ASUS\.jdks\openjdk-21.0.1\bin\java.dll

Deoptimization events (0 events):
No events

Classes loaded (0 events):
No events

Classes unloaded (0 events):
No events

Classes redefined (0 events):
No events

Internal exceptions (0 events):
No events

ZGC Phase Switch (0 events):
No events

VM Operations (0 events):
No events

Events (0 events):
No events


Dynamic libraries:
0x00007ff628200000 - 0x00007ff62820e000 	C:\Users\ASUS\.jdks\openjdk-21.0.1\bin\java.exe
0x00007fffa5550000 - 0x00007fffa5748000 	C:\WINDOWS\SYSTEM32\ntdll.dll
0x00007fffa4840000 - 0x00007fffa48fd000 	C:\WINDOWS\System32\KERNEL32.DLL
0x00007fffa3250000 - 0x00007fffa3546000 	C:\WINDOWS\System32\KERNELBASE.dll
0x00007fffa2fa0000 - 0x00007fffa30a0000 	C:\WINDOWS\System32\ucrtbase.dll
0x00007fff9e140000 - 0x00007fff9e15b000 	C:\Users\ASUS\.jdks\openjdk-21.0.1\bin\VCRUNTIME140.dll
0x00007fff9e210000 - 0x00007fff9e228000 	C:\Users\ASUS\.jdks\openjdk-21.0.1\bin\jli.dll
0x00007fffa3a20000 - 0x00007fffa3bbe000 	C:\WINDOWS\System32\USER32.dll
0x00007fffa2e50000 - 0x00007fffa2e72000 	C:\WINDOWS\System32\win32u.dll
0x00007fff8d7e0000 - 0x00007fff8da7a000 	C:\WINDOWS\WinSxS\amd64_microsoft.windows.common-controls_6595b64144ccf1df_6.0.19041.3636_none_60b6a03d71f818d5\COMCTL32.dll
0x00007fffa3c30000 - 0x00007fffa3c5c000 	C:\WINDOWS\System32\GDI32.dll
0x00007fffa40a0000 - 0x00007fffa413e000 	C:\WINDOWS\System32\msvcrt.dll
0x00007fffa2c00000 - 0x00007fffa2d1a000 	C:\WINDOWS\System32\gdi32full.dll
0x00007fffa2db0000 - 0x00007fffa2e4d000 	C:\WINDOWS\System32\msvcp_win.dll
0x00007fffa3f40000 - 0x00007fffa3f70000 	C:\WINDOWS\System32\IMM32.DLL
0x00007fff9e0f0000 - 0x00007fff9e0fc000 	C:\Users\ASUS\.jdks\openjdk-21.0.1\bin\vcruntime140_1.dll
0x00007fff9a220000 - 0x00007fff9a2ae000 	C:\Users\ASUS\.jdks\openjdk-21.0.1\bin\msvcp140.dll
0x00007fff72390000 - 0x00007fff730a5000 	C:\Users\ASUS\.jdks\openjdk-21.0.1\bin\server\jvm.dll
0x00007fffa4ab0000 - 0x00007fffa4b5f000 	C:\WINDOWS\System32\ADVAPI32.dll
0x00007fffa47a0000 - 0x00007fffa483c000 	C:\WINDOWS\System32\sechost.dll
0x00007fffa3c60000 - 0x00007fffa3d86000 	C:\WINDOWS\System32\RPCRT4.dll
0x00007fffa3bc0000 - 0x00007fffa3c2b000 	C:\WINDOWS\System32\WS2_32.dll
0x00007fffa2540000 - 0x00007fffa258b000 	C:\WINDOWS\SYSTEM32\POWRPROF.dll
0x00007fff7fe50000 - 0x00007fff7fe77000 	C:\WINDOWS\SYSTEM32\WINMM.dll
0x00007fff98d60000 - 0x00007fff98d6a000 	C:\WINDOWS\SYSTEM32\VERSION.dll
0x00007fffa2400000 - 0x00007fffa2412000 	C:\WINDOWS\SYSTEM32\UMPDC.dll
0x00007fffa1410000 - 0x00007fffa1422000 	C:\WINDOWS\SYSTEM32\kernel.appcore.dll
0x00007fff9e040000 - 0x00007fff9e04a000 	C:\Users\ASUS\.jdks\openjdk-21.0.1\bin\jimage.dll
0x00007fffa1110000 - 0x00007fffa12f4000 	C:\WINDOWS\SYSTEM32\DBGHELP.DLL
0x00007fff8bc60000 - 0x00007fff8bc94000 	C:\WINDOWS\SYSTEM32\dbgcore.DLL
0x00007fffa2d20000 - 0x00007fffa2da2000 	C:\WINDOWS\System32\bcryptPrimitives.dll
0x00007fff9df90000 - 0x00007fff9df9f000 	C:\Users\ASUS\.jdks\openjdk-21.0.1\bin\instrument.dll
0x00007fff9dfb0000 - 0x00007fff9dfcf000 	C:\Users\ASUS\.jdks\openjdk-21.0.1\bin\java.dll

dbghelp: loaded successfully - version: 4.0.5 - missing functions: none
symbol engine: initialized successfully - sym options: 0x614 - pdb path: .;C:\Users\ASUS\.jdks\openjdk-21.0.1\bin;C:\WINDOWS\SYSTEM32;C:\WINDOWS\WinSxS\amd64_microsoft.windows.common-controls_6595b64144ccf1df_6.0.19041.3636_none_60b6a03d71f818d5;C:\Users\ASUS\.jdks\openjdk-21.0.1\bin\server

VM Arguments:
jvm_args: -javaagent:C:\Program Files\JetBrains\IntelliJ IDEA Community Edition 2023.2.3\lib\idea_rt.jar=55829:C:\Program Files\JetBrains\IntelliJ IDEA Community Edition 2023.2.3\bin -Dfile.encoding=UTF-8 -Dsun.stdout.encoding=UTF-8 -Dsun.stderr.encoding=UTF-8 
java_command: seminar.five.stepik.Main
java_class_path (initial): C:\Users\ASUS\IdeaProjects\Java_Core_HM_1\target\classes
Launcher Type: SUN_STANDARD

[Global flags]
     intx CICompilerCount                          = 4                                         {product} {ergonomic}
     uint ConcGCThreads                            = 2                                         {product} {ergonomic}
     uint G1ConcRefinementThreads                  = 8                                         {product} {ergonomic}
   size_t G1HeapRegionSize                         = 1048576                                   {product} {ergonomic}
    uintx GCDrainStackTargetSize                   = 64                                        {product} {ergonomic}
   size_t InitialHeapSize                          = 132120576                                 {product} {ergonomic}
   size_t MarkStackSize                            = 4194304                                   {product} {ergonomic}
   size_t MaxHeapSize                              = 2109734912                                {product} {ergonomic}
   size_t MinHeapDeltaBytes                        = 1048576                                   {product} {ergonomic}
   size_t MinHeapSize                              = 8388608                                   {product} {ergonomic}
    uintx NonNMethodCodeHeapSize                   = 5839372                                {pd product} {ergonomic}
    uintx NonProfiledCodeHeapSize                  = 122909434                              {pd product} {ergonomic}
    uintx ProfiledCodeHeapSize                     = 122909434                              {pd product} {ergonomic}
    uintx ReservedCodeCacheSize                    = 251658240                              {pd product} {ergonomic}
     bool SegmentedCodeCache                       = true                                      {product} {ergonomic}
   size_t SoftMaxHeapSize                          = 2109734912                             {manageable} {ergonomic}
     bool UseCompressedOops                        = true                           {product lp64_product} {ergonomic}
     bool UseG1GC                                  = true                                      {product} {ergonomic}
     bool UseLargePagesIndividualAllocation        = false                                  {pd product} {ergonomic}

Logging:
Log output configuration:
 #0: stdout all=warning uptime,level,tags foldmultilines=false
 #1: stderr all=off uptime,level,tags foldmultilines=false

Environment Variables:
JAVA_HOME=C:\Program Files\Java\jdk-11.0.0.1
PATH=C:\Program Files (x86)\Intel\iCLS Client\;C:\Program Files\Intel\iCLS Client\;C:\WINDOWS\system32;C:\WINDOWS;C:\WINDOWS\System32\Wbem;C:\WINDOWS\System32\WindowsPowerShell\v1.0\;C:\Program Files (x86)\Intel\Intel(R) Management Engine Components\DAL;C:\Program Files\Intel\Intel(R) Management Engine Components\DAL;C:\Program Files (x86)\Intel\Intel(R) Management Engine Components\IPT;C:\Program Files\Intel\Intel(R) Management Engine Components\IPT;C:\WINDOWS\System32\OpenSSH\;C:\Program Files\Intel\WiFi\bin\;C:\Program Files\Common Files\Intel\WirelessCommon\;C:\Program Files\Perforce\;C:\Program Files\dotnet\;C:\Program Files\Microsoft SQL Server\150\Tools\Binn\;C:\Program Files\PuTTY\;C:\Program Files\Git\cmd;%JAVA_HOME%\bin;C:\Program Files\MySQL\MySQL Shell 8.0\bin\;C:\Users\ASUS\AppData\Local\Microsoft\WindowsApps;C:\Users\ASUS\.dotnet\tools;C:\Program Files\Java\jdk-11.0.0.1\bin;
USERNAME=ASUS
OS=Windows_NT
PROCESSOR_IDENTIFIER=Intel64 Family 6 Model 142 Stepping 10, GenuineIntel
TMP=C:\Users\ASUS\AppData\Local\Temp
TEMP=C:\Users\ASUS\AppData\Local\Temp




Periodic native trim disabled

---------------  S Y S T E M  ---------------

OS:
 Windows 10 , 64 bit Build 19041 (10.0.19041.3636)
OS uptime: 1 days 0:09 hours
Hyper-V role detected

CPU: total 8 (initial active 8) (4 cores per cpu, 2 threads per core) family 6 model 142 stepping 10 microcode 0xb4, cx8, cmov, fxsr, ht, mmx, 3dnowpref, sse, sse2, sse3, ssse3, sse4.1, sse4.2, popcnt, lzcnt, tsc, tscinvbit, avx, avx2, aes, erms, clmul, bmi1, bmi2, adx, fma, vzeroupper, clflush, clflushopt, hv, rdtscp, f16c
Processor Information for processor 0
  Max Mhz: 1800, Current Mhz: 1400, Mhz Limit: 1584
Processor Information for processor 1
  Max Mhz: 1800, Current Mhz: 1600, Mhz Limit: 1584
Processor Information for processor 2
  Max Mhz: 1800, Current Mhz: 1400, Mhz Limit: 1584
Processor Information for processor 3
  Max Mhz: 1800, Current Mhz: 1600, Mhz Limit: 1584
Processor Information for processor 4
  Max Mhz: 1800, Current Mhz: 1400, Mhz Limit: 1584
Processor Information for processor 5
  Max Mhz: 1800, Current Mhz: 1400, Mhz Limit: 1584
Processor Information for processor 6
  Max Mhz: 1800, Current Mhz: 1600, Mhz Limit: 1584
Processor Information for processor 7
  Max Mhz: 1800, Current Mhz: 1600, Mhz Limit: 1584

Memory: 4k page, system-wide physical 8045M (1335M free)
TotalPageFile size 16045M (AvailPageFile size 71M)
current process WorkingSet (physical memory assigned to process): 10M, peak: 10M
current process commit charge ("private bytes"): 60M, peak: 186M

vm_info: OpenJDK 64-Bit Server VM (21.0.1+12-29) for windows-amd64 JRE (21.0.1+12-29), built on 2023-10-05T13:27:09Z by "mach5one" with MS VC++ 17.1 (VS2022)

END.
